mkdir: vscode-config: Read-only file system
mkdir: iterm2-config: Read-only file system
cp: vscode-config/settings.json: No such file or directory
cp: directory iterm2-config does not exist
fatal: not a git repository (or any of the parent directories): .git
fatal: not a git repository (or any of the parent directories): .git
fatal: not a git repository (or any of the parent directories): .git
mkdir: vscode-config: Read-only file system
mkdir: iterm2-config: Read-only file system
cp: vscode-config/settings.json: No such file or directory
cp: directory iterm2-config does not exist
fatal: not a git repository (or any of the parent directories): .git
fatal: not a git repository (or any of the parent directories): .git
fatal: not a git repository (or any of the parent directories): .git
mkdir: vscode-config: Read-only file system
mkdir: iterm2-config: Read-only file system
cp: vscode-config/settings.json: No such file or directory
cp: directory iterm2-config does not exist
fatal: not a git repository (or any of the parent directories): .git
fatal: not a git repository (or any of the parent directories): .git
fatal: not a git repository (or any of the parent directories): .git
mkdir: vscode-config: Read-only file system
mkdir: iterm2-config: Read-only file system
cp: vscode-config/settings.json: No such file or directory
cp: directory iterm2-config does not exist
fatal: not a git repository (or any of the parent directories): .git
fatal: not a git repository (or any of the parent directories): .git
fatal: not a git repository (or any of the parent directories): .git
mkdir: vscode-config: Read-only file system
mkdir: iterm2-config: Read-only file system
cp: vscode-config/settings.json: No such file or directory
cp: directory iterm2-config does not exist
fatal: not a git repository (or any of the parent directories): .git
fatal: not a git repository (or any of the parent directories): .git
fatal: not a git repository (or any of the parent directories): .git
mkdir: vscode-config: Read-only file system
mkdir: iterm2-config: Read-only file system
cp: vscode-config/settings.json: No such file or directory
cp: directory iterm2-config does not exist
fatal: not a git repository (or any of the parent directories): .git
fatal: not a git repository (or any of the parent directories): .git
fatal: not a git repository (or any of the parent directories): .git
mkdir: vscode-config: Read-only file system
mkdir: iterm2-config: Read-only file system
cp: vscode-config/settings.json: No such file or directory
cp: directory iterm2-config does not exist
fatal: not a git repository (or any of the parent directories): .git
fatal: not a git repository (or any of the parent directories): .git
fatal: not a git repository (or any of the parent directories): .git
mkdir: vscode-config: Read-only file system
mkdir: iterm2-config: Read-only file system
cp: vscode-config/settings.json: No such file or directory
cp: directory iterm2-config does not exist
fatal: not a git repository (or any of the parent directories): .git
fatal: not a git repository (or any of the parent directories): .git
fatal: not a git repository (or any of the parent directories): .git
mkdir: vscode-config: Read-only file system
mkdir: iterm2-config: Read-only file system
cp: vscode-config/settings.json: No such file or directory
cp: directory iterm2-config does not exist
fatal: not a git repository (or any of the parent directories): .git
fatal: not a git repository (or any of the parent directories): .git
fatal: not a git repository (or any of the parent directories): .git
mkdir: vscode-config: Read-only file system
mkdir: iterm2-config: Read-only file system
cp: vscode-config/settings.json: No such file or directory
cp: directory iterm2-config does not exist
fatal: not a git repository (or any of the parent directories): .git
fatal: not a git repository (or any of the parent directories): .git
fatal: not a git repository (or any of the parent directories): .git
mkdir: vscode-config: Read-only file system
mkdir: iterm2-config: Read-only file system
cp: vscode-config/settings.json: No such file or directory
cp: directory iterm2-config does not exist
fatal: not a git repository (or any of the parent directories): .git
fatal: not a git repository (or any of the parent directories): .git
fatal: not a git repository (or any of the parent directories): .git
mkdir: vscode-config: Read-only file system
mkdir: iterm2-config: Read-only file system
cp: vscode-config/settings.json: No such file or directory
cp: directory iterm2-config does not exist
fatal: not a git repository (or any of the parent directories): .git
fatal: not a git repository (or any of the parent directories): .git
fatal: not a git repository (or any of the parent directories): .git
mkdir: vscode-config: Read-only file system
mkdir: iterm2-config: Read-only file system
cp: vscode-config/settings.json: No such file or directory
cp: directory iterm2-config does not exist
fatal: not a git repository (or any of the parent directories): .git
fatal: not a git repository (or any of the parent directories): .git
fatal: not a git repository (or any of the parent directories): .git
mkdir: vscode-config: Read-only file system
mkdir: iterm2-config: Read-only file system
cp: vscode-config/settings.json: No such file or directory
cp: directory iterm2-config does not exist
fatal: not a git repository (or any of the parent directories): .git
fatal: not a git repository (or any of the parent directories): .git
fatal: not a git repository (or any of the parent directories): .git
